<?xml version="1.0" encoding="utf-8"?><testsuites name="pytest tests"><testsuite name="pytest" errors="0" failures="0" skipped="0" tests="12" time="21.092" timestamp="2026-03-24T00:23:58.126055+00:00" hostname="agent-env-5612f56f-c9da-4271-aa9d-1e0be96ebc0a"><testcase classname="backend.tests.test_stock_warning_feature.TestStockCurrentEndpoint" name="test_stock_current_returns_data" time="3.009" /><testcase classname="backend.tests.test_stock_warning_feature.TestStockCurrentEndpoint" name="test_stock_current_has_required_fields" time="1.595" /><testcase classname="backend.tests.test_stock_warning_feature.TestStockCurrentEndpoint" name="test_stock_current_has_zero_stock_items" time="1.564" /><testcase classname="backend.tests.test_stock_warning_feature.TestStockCurrentEndpoint" name="test_stock_current_has_in_stock_items" time="1.612" /><testcase classname="backend.tests.test_stock_warning_feature.TestKitchenAuthentication" name="test_kitchen_login_success" time="0.876" /><testcase classname="backend.tests.test_stock_warning_feature.TestKitchenAuthentication" name="test_kitchen_login_invalid_password" time="0.601" /><testcase classname="backend.tests.test_stock_warning_feature.TestRequisitionCreation" name="test_get_items_for_requisition" time="1.927" /><testcase classname="backend.tests.test_stock_warning_feature.TestRequisitionCreation" name="test_create_requisition_with_in_stock_item" time="3.897" /><testcase classname="backend.tests.test_stock_warning_feature.TestRequisitionCreation" name="test_get_requisitions_list" time="1.857" /><testcase classname="backend.tests.test_stock_warning_feature.TestStockDataIntegrity" name="test_stock_data_matches_items" time="2.402" /><testcase classname="backend.tests.test_stock_warning_feature.TestStockDataIntegrity" name="test_stock_quantities_are_non_negative" time="1.509" /><testcase classname="backend.tests.test_stock_warning_feature.TestAPIHealth" name="test_api_health" time="0.117" /></testsuite></testsuites>