<?xml version="1.0" encoding="utf-8"?><testsuites name="pytest tests"><testsuite name="pytest" errors="0" failures="0" skipped="0" tests="17" time="22.338" timestamp="2026-03-23T13:10:44.877811+00:00" hostname="agent-env-e7d3923f-08dd-4c26-b106-ddef8e3b1528"><testcase classname="backend.tests.test_stock_and_r2.TestHealthAndStatus" name="test_api_health" time="0.151" /><testcase classname="backend.tests.test_stock_and_r2.TestHealthAndStatus" name="test_r2_storage_status" time="0.106" /><testcase classname="backend.tests.test_stock_and_r2.TestAuthentication" name="test_admin_login_success" time="2.012" /><testcase classname="backend.tests.test_stock_and_r2.TestAuthentication" name="test_kitchen_login_success" time="0.813" /><testcase classname="backend.tests.test_stock_and_r2.TestAuthentication" name="test_invalid_password_rejected" time="0.548" /><testcase classname="backend.tests.test_stock_and_r2.TestDashboardStats" name="test_dashboard_stats" time="3.280" /><testcase classname="backend.tests.test_stock_and_r2.TestCurrentStock" name="test_current_stock_returns_data" time="2.552" /><testcase classname="backend.tests.test_stock_and_r2.TestCurrentStock" name="test_bakery_category_has_stock" time="1.776" /><testcase classname="backend.tests.test_stock_and_r2.TestCurrentStock" name="test_indian_grocery_category_has_stock" time="1.755" /><testcase classname="backend.tests.test_stock_and_r2.TestCurrentStock" name="test_seafood_category_has_stock" time="1.767" /><testcase classname="backend.tests.test_stock_and_r2.TestCurrentStock" name="test_beverage_category_has_stock" time="1.787" /><testcase classname="backend.tests.test_stock_and_r2.TestCurrentStock" name="test_category_filter_works" time="1.476" /><testcase classname="backend.tests.test_stock_and_r2.TestR2Upload" name="test_r2_upload_endpoint_exists" time="1.870" /><testcase classname="backend.tests.test_stock_and_r2.TestGRNPage" name="test_vendors_list" time="0.327" /><testcase classname="backend.tests.test_stock_and_r2.TestGRNPage" name="test_purchase_orders_list" time="1.367" /><testcase classname="backend.tests.test_stock_and_r2.TestGRNPage" name="test_grn_list" time="0.341" /><testcase classname="backend.tests.test_stock_and_r2.TestCategories" name="test_categories_list" time="0.339" /></testsuite></testsuites>