<?xml version="1.0" encoding="utf-8"?><testsuites name="pytest tests"><testsuite name="pytest" errors="0" failures="0" skipped="0" tests="19" time="8.227" timestamp="2026-03-21T08:41:23.969409+00:00" hostname="agent-env-122fc50e-e1d1-4a43-8e6c-3c800075bcc5"><testcase classname="backend.tests.test_dreamoven_features.TestAuthentication" name="test_health_check" time="0.199" /><testcase classname="backend.tests.test_dreamoven_features.TestAuthentication" name="test_admin_login" time="0.337" /><testcase classname="backend.tests.test_dreamoven_features.TestAuthentication" name="test_invalid_login" time="0.109" /><testcase classname="backend.tests.test_dreamoven_features.TestPurchaseOrders" name="test_get_purchase_orders" time="0.441" /><testcase classname="backend.tests.test_dreamoven_features.TestPurchaseOrders" name="test_get_purchase_orders_stats_summary" time="0.433" /><testcase classname="backend.tests.test_dreamoven_features.TestPurchaseOrders" name="test_get_purchase_orders_by_status_pending" time="0.443" /><testcase classname="backend.tests.test_dreamoven_features.TestPurchaseOrders" name="test_get_purchase_orders_by_status_received" time="0.420" /><testcase classname="backend.tests.test_dreamoven_features.TestPurchaseOrders" name="test_get_single_purchase_order" time="0.507" /><testcase classname="backend.tests.test_dreamoven_features.TestPurchaseOrders" name="test_delete_received_po_should_fail" time="0.572" /><testcase classname="backend.tests.test_dreamoven_features.TestCurrentStock" name="test_get_current_stock" time="0.458" /><testcase classname="backend.tests.test_dreamoven_features.TestCurrentStock" name="test_get_current_stock_stats" time="0.447" /><testcase classname="backend.tests.test_dreamoven_features.TestCurrentStock" name="test_update_stock" time="0.680" /><testcase classname="backend.tests.test_dreamoven_features.TestReports" name="test_get_vendor_ledger" time="0.456" /><testcase classname="backend.tests.test_dreamoven_features.TestReports" name="test_get_kitchen_ledger" time="0.430" /><testcase classname="backend.tests.test_dreamoven_features.TestReports" name="test_get_stock_in_hand" time="0.421" /><testcase classname="backend.tests.test_dreamoven_features.TestReports" name="test_get_consumption_analysis" time="0.419" /><testcase classname="backend.tests.test_dreamoven_features.TestGRN" name="test_get_grns" time="0.426" /><testcase classname="backend.tests.test_dreamoven_features.TestDashboard" name="test_get_dashboard_stats" time="0.443" /><testcase classname="backend.tests.test_dreamoven_features.TestAlerts" name="test_get_alerts" time="0.436" /></testsuite></testsuites>