<?xml version="1.0" encoding="utf-8"?><testsuites name="pytest tests"><testsuite name="pytest" errors="0" failures="0" skipped="0" tests="15" time="5.669" timestamp="2026-03-21T09:11:30.328340+00:00" hostname="agent-env-122fc50e-e1d1-4a43-8e6c-3c800075bcc5"><testcase classname="backend.tests.test_role_based_access.TestHealthCheck" name="test_api_health" time="0.124" /><testcase classname="backend.tests.test_role_based_access.TestAdminLogin" name="test_admin_login_success" time="0.316" /><testcase classname="backend.tests.test_role_based_access.TestAdminLogin" name="test_admin_can_access_protected_routes" time="0.432" /><testcase classname="backend.tests.test_role_based_access.TestKitchenLogin" name="test_kitchen_login_success" time="0.330" /><testcase classname="backend.tests.test_role_based_access.TestKitchenLogin" name="test_kitchen_can_access_requisitions" time="0.431" /><testcase classname="backend.tests.test_role_based_access.TestInvalidLogin" name="test_invalid_password" time="0.321" /><testcase classname="backend.tests.test_role_based_access.TestInvalidLogin" name="test_invalid_email" time="0.099" /><testcase classname="backend.tests.test_role_based_access.TestDataAPIs" name="test_items_api_returns_data" time="0.477" /><testcase classname="backend.tests.test_role_based_access.TestDataAPIs" name="test_vendors_api_returns_data" time="0.421" /><testcase classname="backend.tests.test_role_based_access.TestDataAPIs" name="test_locations_api_returns_data" time="0.433" /><testcase classname="backend.tests.test_role_based_access.TestDashboardStats" name="test_dashboard_stats" time="0.441" /><testcase classname="backend.tests.test_role_based_access.TestGRNPage" name="test_grn_list" time="0.421" /><testcase classname="backend.tests.test_role_based_access.TestGRNPage" name="test_purchase_orders_for_grn" time="0.466" /><testcase classname="backend.tests.test_role_based_access.TestRequisitionsPage" name="test_requisitions_list_admin" time="0.467" /><testcase classname="backend.tests.test_role_based_access.TestRequisitionsPage" name="test_requisitions_list_kitchen" time="0.420" /></testsuite></testsuites>